
Circuit 1 cell sky130_fd_pr__nfet_01v8 and Circuit 2 cell sky130_fd_pr__nfet_01v8 are black boxes.
Warning: Equate pins:  cell sky130_fd_pr__nfet_01v8 is a placeholder, treated as a black box.
Warning: Equate pins:  cell sky130_fd_pr__nfet_01v8 is a placeholder, treated as a black box.

Subcircuit pins:
Circuit 1: sky130_fd_pr__nfet_01v8                            |Circuit 2: sky130_fd_pr__nfet_01v8                            
--------------------------------------------------------------|--------------------------------------------------------------
1                                                             |1                                                             
2                                                             |2                                                             
3                                                             |3                                                             
4                                                             |4                                                             
-----------------------------------------------------------------------------------------------------------------------------
Cell pin lists are equivalent.
Device classes sky130_fd_pr__nfet_01v8 and sky130_fd_pr__nfet_01v8 are equivalent.

Circuit 1 cell sky130_fd_pr__pfet_01v8 and Circuit 2 cell sky130_fd_pr__pfet_01v8 are black boxes.
Warning: Equate pins:  cell sky130_fd_pr__pfet_01v8 is a placeholder, treated as a black box.
Warning: Equate pins:  cell sky130_fd_pr__pfet_01v8 is a placeholder, treated as a black box.

Subcircuit pins:
Circuit 1: sky130_fd_pr__pfet_01v8                            |Circuit 2: sky130_fd_pr__pfet_01v8                            
--------------------------------------------------------------|--------------------------------------------------------------
1                                                             |1                                                             
2                                                             |2                                                             
3                                                             |3                                                             
4                                                             |4                                                             
-----------------------------------------------------------------------------------------------------------------------------
Cell pin lists are equivalent.
Device classes sky130_fd_pr__pfet_01v8 and sky130_fd_pr__pfet_01v8 are equivalent.

Circuit 1 cell sky130_fd_pr__cap_mim_m3_1 and Circuit 2 cell sky130_fd_pr__cap_mim_m3_1 are black boxes.
Warning: Equate pins:  cell sky130_fd_pr__cap_mim_m3_1 is a placeholder, treated as a black box.
Warning: Equate pins:  cell sky130_fd_pr__cap_mim_m3_1 is a placeholder, treated as a black box.

Subcircuit pins:
Circuit 1: sky130_fd_pr__cap_mim_m3_1                         |Circuit 2: sky130_fd_pr__cap_mim_m3_1                         
--------------------------------------------------------------|--------------------------------------------------------------
1                                                             |1                                                             
2                                                             |2                                                             
-----------------------------------------------------------------------------------------------------------------------------
Cell pin lists are equivalent.
Device classes sky130_fd_pr__cap_mim_m3_1 and sky130_fd_pr__cap_mim_m3_1 are equivalent.

Circuit 1 cell sky130_fd_pr__nfet_05v0_nvt and Circuit 2 cell sky130_fd_pr__nfet_05v0_nvt are black boxes.
Warning: Equate pins:  cell sky130_fd_pr__nfet_05v0_nvt is a placeholder, treated as a black box.
Warning: Equate pins:  cell sky130_fd_pr__nfet_05v0_nvt is a placeholder, treated as a black box.

Subcircuit pins:
Circuit 1: sky130_fd_pr__nfet_05v0_nvt                        |Circuit 2: sky130_fd_pr__nfet_05v0_nvt                        
--------------------------------------------------------------|--------------------------------------------------------------
1                                                             |1                                                             
2                                                             |2                                                             
3                                                             |3                                                             
4                                                             |4                                                             
-----------------------------------------------------------------------------------------------------------------------------
Cell pin lists are equivalent.
Device classes sky130_fd_pr__nfet_05v0_nvt and sky130_fd_pr__nfet_05v0_nvt are equivalent.

Circuit 1 cell sky130_fd_pr__res_xhigh_po_0p69 and Circuit 2 cell sky130_fd_pr__res_xhigh_po_0p69 are black boxes.
Warning: Equate pins:  cell sky130_fd_pr__res_xhigh_po_0p69 is a placeholder, treated as a black box.
Warning: Equate pins:  cell sky130_fd_pr__res_xhigh_po_0p69 is a placeholder, treated as a black box.

Subcircuit pins:
Circuit 1: sky130_fd_pr__res_xhigh_po_0p69                    |Circuit 2: sky130_fd_pr__res_xhigh_po_0p69                    
--------------------------------------------------------------|--------------------------------------------------------------
1                                                             |1                                                             
2                                                             |2                                                             
3                                                             |3                                                             
-----------------------------------------------------------------------------------------------------------------------------
Cell pin lists are equivalent.
Device classes sky130_fd_pr__res_xhigh_po_0p69 and sky130_fd_pr__res_xhigh_po_0p69 are equivalent.

Circuit 1 cell sky130_fd_pr__pfet_01v8_hvt and Circuit 2 cell sky130_fd_pr__pfet_01v8_hvt are black boxes.
Warning: Equate pins:  cell sky130_fd_pr__pfet_01v8_hvt is a placeholder, treated as a black box.
Warning: Equate pins:  cell sky130_fd_pr__pfet_01v8_hvt is a placeholder, treated as a black box.

Subcircuit pins:
Circuit 1: sky130_fd_pr__pfet_01v8_hvt                        |Circuit 2: sky130_fd_pr__pfet_01v8_hvt                        
--------------------------------------------------------------|--------------------------------------------------------------
1                                                             |1                                                             
2                                                             |2                                                             
3                                                             |3                                                             
4                                                             |4                                                             
-----------------------------------------------------------------------------------------------------------------------------
Cell pin lists are equivalent.
Device classes sky130_fd_pr__pfet_01v8_hvt and sky130_fd_pr__pfet_01v8_hvt are equivalent.

Circuit 1 cell sky130_fd_pr__diode_pw2nd_05v5 and Circuit 2 cell sky130_fd_pr__diode_pw2nd_05v5 are black boxes.
Warning: Equate pins:  cell sky130_fd_pr__diode_pw2nd_05v5 is a placeholder, treated as a black box.
Warning: Equate pins:  cell sky130_fd_pr__diode_pw2nd_05v5 is a placeholder, treated as a black box.

Subcircuit pins:
Circuit 1: sky130_fd_pr__diode_pw2nd_05v5                     |Circuit 2: sky130_fd_pr__diode_pw2nd_05v5                     
--------------------------------------------------------------|--------------------------------------------------------------
1                                                             |1                                                             
2                                                             |2                                                             
-----------------------------------------------------------------------------------------------------------------------------
Cell pin lists are equivalent.
Device classes sky130_fd_pr__diode_pw2nd_05v5 and sky130_fd_pr__diode_pw2nd_05v5 are equivalent.

Subcircuit summary:
Circuit 1: sky130_fd_sc_hd__buf_1                             |Circuit 2: sky130_fd_sc_hd__buf_1                             
--------------------------------------------------------------|--------------------------------------------------------------
sky130_fd_pr__pfet_01v8_hvt (2)                               |sky130_fd_pr__pfet_01v8_hvt (2)                               
sky130_fd_pr__nfet_01v8 (2)                                   |sky130_fd_pr__nfet_01v8 (2)                                   
Number of devices: 4                                          |Number of devices: 4                                          
Number of nets: 7                                             |Number of nets: 7                                             
-----------------------------------------------------------------------------------------------------------------------------
Netlists match uniquely.

Subcircuit pins:
Circuit 1: sky130_fd_sc_hd__buf_1                             |Circuit 2: sky130_fd_sc_hd__buf_1                             
--------------------------------------------------------------|--------------------------------------------------------------
VGND                                                          |VGND                                                          
X                                                             |X                                                             
VNB                                                           |VNB                                                           
A                                                             |A                                                             
VPWR                                                          |VPWR                                                          
VPB                                                           |VPB                                                           
-----------------------------------------------------------------------------------------------------------------------------
Cell pin lists are equivalent.
Device classes sky130_fd_sc_hd__buf_1 and sky130_fd_sc_hd__buf_1 are equivalent.
Flattening unmatched subcell sky130_fd_pr__nfet_01v8_QTPFY2 in circuit sbvfcm (0)(1 instance)
Flattening unmatched subcell sky130_fd_pr__nfet_01v8_QGRVRG in circuit sbvfcm (0)(1 instance)
Flattening unmatched subcell sky130_fd_pr__nfet_01v8_ME6MQD in circuit sbvfcm (0)(2 instances)
Flattening unmatched subcell sky130_fd_pr__pfet_01v8_6H4ZLK in circuit sbvfcm (0)(2 instances)
Flattening unmatched subcell sky130_fd_pr__cap_mim_m3_1_VCAG9S in circuit sbvfcm (0)(1 instance)
Flattening unmatched subcell sky130_fd_pr__nfet_01v8_D2R37Y in circuit sbvfcm (0)(1 instance)
Flattening unmatched subcell sky130_fd_pr__nfet_01v8_5TKQ2R in circuit sbvfcm (0)(1 instance)

Removing zero-valued device vsrc from cell sbvfcm (1) makes a better match
Removing zero-valued device vsrc from cell sbvfcm (1) makes a better match
Removing zero-valued device vsrc from cell sbvfcm (1) makes a better match
Removing zero-valued device vsrc from cell sbvfcm (1) makes a better match
Making another compare attempt.

Class sbvfcm (0):  Merged 7 parallel devices.
Subcircuit summary:
Circuit 1: sbvfcm                                             |Circuit 2: sbvfcm                                             
--------------------------------------------------------------|--------------------------------------------------------------
sky130_fd_pr__nfet_01v8 (13->6)                               |sky130_fd_pr__nfet_01v8 (6)                                   
sky130_fd_pr__pfet_01v8 (2)                                   |sky130_fd_pr__pfet_01v8 (2)                                   
sky130_fd_pr__cap_mim_m3_1 (1)                                |sky130_fd_pr__cap_mim_m3_1 (1)                                
Number of devices: 9                                          |Number of devices: 9                                          
Number of nets: 12 **Mismatch**                               |Number of nets: 9 **Mismatch**                                
-----------------------------------------------------------------------------------------------------------------------------
NET mismatches: Class fragments follow (with fanout counts):
Circuit 1: sbvfcm                                             |Circuit 2: sbvfcm                                             

-----------------------------------------------------------------------------------------------------------------------------
Net: vdd                                                      |Net: vdd                                                      
  sky130_fd_pr__pfet_01v8/(1|3) = 2                           |  sky130_fd_pr__pfet_01v8/(1|3) = 2                           
  sky130_fd_pr__cap_mim_m3_1/1 = 1                            |  sky130_fd_pr__cap_mim_m3_1/1 = 1                            
                                                              |  sky130_fd_pr__pfet_01v8/4 = 2                               
                                                              |                                                              
Net: vss                                                      |Net: vss                                                      
  sky130_fd_pr__nfet_01v8/(1|3) = 3                           |  sky130_fd_pr__nfet_01v8/(1|3) = 3                           
                                                              |  sky130_fd_pr__nfet_01v8/4 = 6                               
                                                              |                                                              
Net: VSUBS                                                    |(no matching net)                                             
  sky130_fd_pr__nfet_01v8/4 = 6                               |                                                              
-----------------------------------------------------------------------------------------------------------------------------

-----------------------------------------------------------------------------------------------------------------------------
Net: XM8/w_n1196_n719#                                        |(no matching net)                                             
  sky130_fd_pr__pfet_01v8/4 = 1                               |                                                              
                                                              |                                                              
Net: XM7/w_n1196_n719#                                        |(no matching net)                                             
  sky130_fd_pr__pfet_01v8/4 = 1                               |                                                              
-----------------------------------------------------------------------------------------------------------------------------

-----------------------------------------------------------------------------------------------------------------------------
Net: pbias                                                    |Net: pbias                                                    
  sky130_fd_pr__nfet_01v8/(1|3) = 2                           |  sky130_fd_pr__nfet_01v8/(1|3) = 2                           
  sky130_fd_pr__pfet_01v8/(1|3) = 1                           |  sky130_fd_pr__pfet_01v8/(1|3) = 1                           
  sky130_fd_pr__pfet_01v8/2 = 2                               |  sky130_fd_pr__pfet_01v8/2 = 2                               
-----------------------------------------------------------------------------------------------------------------------------

-----------------------------------------------------------------------------------------------------------------------------
Net: m1_5868_n3400#                                           |Net: vbias_st                                                 
  sky130_fd_pr__nfet_01v8/2 = 3                               |  sky130_fd_pr__nfet_01v8/2 = 3                               
  sky130_fd_pr__nfet_01v8/(1|3) = 1                           |  sky130_fd_pr__nfet_01v8/(1|3) = 1                           
  sky130_fd_pr__pfet_01v8/(1|3) = 1                           |  sky130_fd_pr__pfet_01v8/(1|3) = 1                           
-----------------------------------------------------------------------------------------------------------------------------
DEVICE mismatches: Class fragments follow (with node fanout counts):
Circuit 1: sbvfcm                                             |Circuit 2: sbvfcm                                             

-----------------------------------------------------------------------------------------------------------------------------
Instance: sky130_fd_pr__pfet_01v8_6H4ZLK:XM7/sky130_fd_pr__pf |Instance: sky130_fd_pr__pfet_01v8:M7                          
  (1,3) = (5,3)                                               |  (1,3) = (5,5)                                               
  2 = 5                                                       |  2 = 5                                                       
  4 = 1                                                       |  4 = 5                                                       
                                                              |                                                              
Instance: sky130_fd_pr__pfet_01v8_6H4ZLK:XM8/sky130_fd_pr__pf |Instance: sky130_fd_pr__pfet_01v8:M8                          
  (1,3) = (5,3)                                               |  (1,3) = (5,5)                                               
  2 = 5                                                       |  2 = 5                                                       
  4 = 1                                                       |  4 = 5                                                       
-----------------------------------------------------------------------------------------------------------------------------
Netlists do not match.
  Flattening non-matched subcircuits sbvfcm sbvfcm
Flattening unmatched subcell sky130_fd_pr__nfet_01v8_QGMQL3 in circuit output_amp (0)(1 instance)
Flattening unmatched subcell sky130_fd_pr__nfet_01v8_MMMA4V in circuit output_amp (0)(1 instance)
Flattening unmatched subcell sky130_fd_pr__nfet_01v8_HS3BL4 in circuit output_amp (0)(1 instance)
Flattening unmatched subcell sky130_fd_pr__nfet_01v8_W2FWA4 in circuit output_amp (0)(1 instance)
Flattening unmatched subcell sky130_fd_pr__nfet_01v8_J222PV in circuit output_amp (0)(1 instance)
Flattening unmatched subcell sky130_fd_pr__pfet_01v8_6H4ZLK in circuit output_amp (0)(2 instances)
Flattening unmatched subcell sky130_fd_pr__pfet_01v8_ST5LSM in circuit output_amp (0)(1 instance)
Flattening unmatched subcell sky130_fd_pr__nfet_05v0_nvt_CXW7PW in circuit output_amp (0)(2 instances)
Flattening unmatched subcell sky130_fd_pr__cap_mim_m3_1_VCAG9S in circuit output_amp (0)(1 instance)

Removing zero-valued device vsrc from cell output_amp (1) makes a better match
Removing zero-valued device vsrc from cell output_amp (1) makes a better match
Removing zero-valued device vsrc from cell output_amp (1) makes a better match
Removing zero-valued device vsrc from cell output_amp (1) makes a better match
Removing zero-valued device vsrc from cell output_amp (1) makes a better match
Making another compare attempt.

Class output_amp (0):  Merged 5 parallel devices.
Subcircuit summary:
Circuit 1: output_amp                                         |Circuit 2: output_amp                                         
--------------------------------------------------------------|--------------------------------------------------------------
sky130_fd_pr__nfet_01v8 (7->5)                                |sky130_fd_pr__nfet_01v8 (5)                                   
sky130_fd_pr__pfet_01v8 (4->3)                                |sky130_fd_pr__pfet_01v8 (3)                                   
sky130_fd_pr__nfet_05v0_nvt (4->2)                            |sky130_fd_pr__nfet_05v0_nvt (2)                               
sky130_fd_pr__cap_mim_m3_1 (1)                                |sky130_fd_pr__cap_mim_m3_1 (1)                                
Number of devices: 11                                         |Number of devices: 11                                         
Number of nets: 12 **Mismatch**                               |Number of nets: 11 **Mismatch**                               
-----------------------------------------------------------------------------------------------------------------------------
NET mismatches: Class fragments follow (with fanout counts):
Circuit 1: output_amp                                         |Circuit 2: output_amp                                         

-----------------------------------------------------------------------------------------------------------------------------
Net: vss                                                      |Net: vss                                                      
  sky130_fd_pr__nfet_01v8/(1|3) = 3                           |  sky130_fd_pr__nfet_01v8/(1|3) = 3                           
                                                              |  sky130_fd_pr__nfet_01v8/4 = 5                               
                                                              |  sky130_fd_pr__nfet_05v0_nvt/4 = 2                           
                                                              |                                                              
Net: VSUBS                                                    |(no matching net)                                             
  sky130_fd_pr__nfet_01v8/4 = 5                               |                                                              
  sky130_fd_pr__nfet_05v0_nvt/4 = 2                           |                                                              
-----------------------------------------------------------------------------------------------------------------------------
Netlists do not match.
  Flattening non-matched subcircuits output_amp output_amp
Flattening unmatched subcell sky130_fd_pr__res_xhigh_po_0p69_H5FMR6 in circuit trim_res (0)(1 instance)
Flattening unmatched subcell sky130_fd_pr__res_xhigh_po_0p69_H5TM75 in circuit trim_res (0)(1 instance)
Flattening unmatched subcell sky130_fd_pr__nfet_01v8_J222PV in circuit trim_res (0)(4 instances)
Flattening unmatched subcell sky130_fd_pr__res_xhigh_po_0p69_D5BT6X in circuit trim_res (0)(1 instance)
Flattening unmatched subcell sky130_fd_pr__res_xhigh_po_0p69_2G52HS in circuit trim_res (0)(1 instance)

Class trim_res (0):  Merged 4 parallel devices.
Class trim_res (0):  Merged 11 series devices.
Subcircuit summary:
Circuit 1: trim_res                                           |Circuit 2: trim_res                                           
--------------------------------------------------------------|--------------------------------------------------------------
sky130_fd_pr__res_xhigh_po_0p69 (15->4)                       |sky130_fd_pr__res_xhigh_po_0p69 (4)                           
sky130_fd_pr__nfet_01v8 (8->4)                                |sky130_fd_pr__nfet_01v8 (4)                                   
Number of devices: 8                                          |Number of devices: 8                                          
Number of nets: 10 **Mismatch**                               |Number of nets: 9 **Mismatch**                                
-----------------------------------------------------------------------------------------------------------------------------
NET mismatches: Class fragments follow (with fanout counts):
Circuit 1: trim_res                                           |Circuit 2: trim_res                                           

-----------------------------------------------------------------------------------------------------------------------------
Net: A                                                        |Net: A                                                        
  sky130_fd_pr__nfet_01v8/(1|3) = 1                           |  sky130_fd_pr__nfet_01v8/(1|3) = 1                           
  sky130_fd_pr__res_xhigh_po_0p69/(1|2) = 1                   |  sky130_fd_pr__res_xhigh_po_0p69/(1|2) = 1                   
                                                              |                                                              
Net: B                                                        |Net: B                                                        
  sky130_fd_pr__res_xhigh_po_0p69/(1|2) = 1                   |  sky130_fd_pr__res_xhigh_po_0p69/(1|2) = 1                   
  sky130_fd_pr__nfet_01v8/(1|3) = 1                           |  sky130_fd_pr__nfet_01v8/(1|3) = 1                           
                                                              |  sky130_fd_pr__nfet_01v8/4 = 4                               
                                                              |  sky130_fd_pr__res_xhigh_po_0p69/3 = 4                       
                                                              |                                                              
Net: VSUBS                                                    |(no matching net)                                             
  sky130_fd_pr__res_xhigh_po_0p69/3 = 4                       |                                                              
  sky130_fd_pr__nfet_01v8/4 = 4                               |                                                              
-----------------------------------------------------------------------------------------------------------------------------
Netlists do not match.
  Flattening non-matched subcircuits trim_res trim_res

Class sky130_fd_sc_hd__inv_2 (0):  Merged 2 parallel devices.
Class sky130_fd_sc_hd__inv_2 (1):  Merged 2 parallel devices.
Subcircuit summary:
Circuit 1: sky130_fd_sc_hd__inv_2                             |Circuit 2: sky130_fd_sc_hd__inv_2                             
--------------------------------------------------------------|--------------------------------------------------------------
sky130_fd_pr__pfet_01v8_hvt (2->1)                            |sky130_fd_pr__pfet_01v8_hvt (2->1)                            
sky130_fd_pr__nfet_01v8 (2->1)                                |sky130_fd_pr__nfet_01v8 (2->1)                                
Number of devices: 2                                          |Number of devices: 2                                          
Number of nets: 6                                             |Number of nets: 6                                             
-----------------------------------------------------------------------------------------------------------------------------
Netlists match uniquely.

Subcircuit pins:
Circuit 1: sky130_fd_sc_hd__inv_2                             |Circuit 2: sky130_fd_sc_hd__inv_2                             
--------------------------------------------------------------|--------------------------------------------------------------
VGND                                                          |VGND                                                          
VNB                                                           |VNB                                                           
VPWR                                                          |VPWR                                                          
VPB                                                           |VPB                                                           
Y                                                             |Y                                                             
A                                                             |A                                                             
-----------------------------------------------------------------------------------------------------------------------------
Cell pin lists are equivalent.
Device classes sky130_fd_sc_hd__inv_2 and sky130_fd_sc_hd__inv_2 are equivalent.

Cell sky130_fd_sc_hd__diode_2 (0) disconnected node: VGND
Cell sky130_fd_sc_hd__diode_2 (0) disconnected node: VPB
Cell sky130_fd_sc_hd__diode_2 (0) disconnected node: VPWR
Cell sky130_fd_sc_hd__diode_2 (1) disconnected node: VGND
Cell sky130_fd_sc_hd__diode_2 (1) disconnected node: VPB
Cell sky130_fd_sc_hd__diode_2 (1) disconnected node: VPWR
Subcircuit summary:
Circuit 1: sky130_fd_sc_hd__diode_2                           |Circuit 2: sky130_fd_sc_hd__diode_2                           
--------------------------------------------------------------|--------------------------------------------------------------
sky130_fd_pr__diode_pw2nd_05v5 (1)                            |sky130_fd_pr__diode_pw2nd_05v5 (1)                            
Number of devices: 1                                          |Number of devices: 1                                          
Number of nets: 2                                             |Number of nets: 2                                             
-----------------------------------------------------------------------------------------------------------------------------
Netlists match uniquely.

Subcircuit pins:
Circuit 1: sky130_fd_sc_hd__diode_2                           |Circuit 2: sky130_fd_sc_hd__diode_2                           
--------------------------------------------------------------|--------------------------------------------------------------
VNB                                                           |VNB                                                           
DIODE                                                         |DIODE                                                         
VGND                                                          |VGND                                                          
VPB                                                           |VPB                                                           
VPWR                                                          |VPWR                                                          
-----------------------------------------------------------------------------------------------------------------------------
Cell pin lists are equivalent.
Device classes sky130_fd_sc_hd__diode_2 and sky130_fd_sc_hd__diode_2 are equivalent.

Subcircuit summary:
Circuit 1: sky130_fd_sc_hd__decap_6                           |Circuit 2: sky130_fd_sc_hd__decap_6                           
--------------------------------------------------------------|--------------------------------------------------------------
sky130_fd_pr__pfet_01v8_hvt (1)                               |sky130_fd_pr__pfet_01v8_hvt (1)                               
sky130_fd_pr__nfet_01v8 (1)                                   |sky130_fd_pr__nfet_01v8 (1)                                   
Number of devices: 2                                          |Number of devices: 2                                          
Number of nets: 4                                             |Number of nets: 4                                             
-----------------------------------------------------------------------------------------------------------------------------
Netlists match uniquely.

Subcircuit pins:
Circuit 1: sky130_fd_sc_hd__decap_6                           |Circuit 2: sky130_fd_sc_hd__decap_6                           
--------------------------------------------------------------|--------------------------------------------------------------
VPB                                                           |VPB                                                           
VNB                                                           |VNB                                                           
VPWR                                                          |VPWR                                                          
VGND                                                          |VGND                                                          
-----------------------------------------------------------------------------------------------------------------------------
Cell pin lists are equivalent.
Device classes sky130_fd_sc_hd__decap_6 and sky130_fd_sc_hd__decap_6 are equivalent.
Flattening unmatched subcell sky130_fd_pr__res_xhigh_po_0p69_E9MCU4 in circuit sky130_ak_ip__cmos_vref (0)(1 instance)
Flattening unmatched subcell sky130_fd_pr__res_xhigh_po_0p69_39QBTQ in circuit sky130_ak_ip__cmos_vref (0)(1 instance)
Flattening unmatched subcell sky130_fd_pr__res_xhigh_po_0p69_NB3ZKH in circuit sky130_ak_ip__cmos_vref (0)(1 instance)
Flattening unmatched subcell sky130_fd_pr__res_xhigh_po_0p69_GAZAU4 in circuit sky130_ak_ip__cmos_vref (0)(1 instance)
Flattening unmatched subcell sky130_fd_pr__nfet_01v8_2333C8 in circuit sky130_ak_ip__cmos_vref (0)(1 instance)
Flattening unmatched subcell sky130_fd_pr__nfet_01v8_Q33MQV in circuit sky130_ak_ip__cmos_vref (0)(1 instance)
Flattening unmatched subcell sky130_fd_pr__pfet_01v8_6H4ZLK in circuit sky130_ak_ip__cmos_vref (0)(1 instance)
Flattening unmatched subcell sky130_fd_pr__pfet_01v8_B3G3L7 in circuit sky130_ak_ip__cmos_vref (0)(1 instance)
Flattening unmatched subcell sky130_fd_pr__pfet_01v8_XPMKX6 in circuit sky130_ak_ip__cmos_vref (0)(1 instance)

Removing zero-valued device vsrc from cell sky130_ak_ip__cmos_vref (1) makes a better match
Removing zero-valued device vsrc from cell sky130_ak_ip__cmos_vref (1) makes a better match
Removing zero-valued device vsrc from cell sky130_ak_ip__cmos_vref (1) makes a better match
Making another compare attempt.

Class sky130_ak_ip__cmos_vref (0):  Merged 3 parallel devices.
Class sky130_ak_ip__cmos_vref (0):  Merged 18 series devices.
Subcircuit summary:
Circuit 1: sky130_ak_ip__cmos_vref                            |Circuit 2: sky130_ak_ip__cmos_vref                            
--------------------------------------------------------------|--------------------------------------------------------------
sky130_fd_sc_hd__buf_1 (4)                                    |sky130_fd_sc_hd__buf_1 (4)                                    
sky130_fd_pr__nfet_01v8 (30->17)                              |sky130_fd_pr__nfet_01v8 (17)                                  
sky130_fd_pr__pfet_01v8 (12->8)                               |sky130_fd_pr__pfet_01v8 (8)                                   
sky130_fd_pr__cap_mim_m3_1 (2)                                |sky130_fd_pr__cap_mim_m3_1 (2)                                
sky130_fd_pr__res_xhigh_po_0p69 (37->8)                       |sky130_fd_pr__res_xhigh_po_0p69 (8)                           
sky130_fd_pr__nfet_05v0_nvt (4->2)                            |sky130_fd_pr__nfet_05v0_nvt (2)                               
sky130_fd_sc_hd__inv_2 (1)                                    |sky130_fd_sc_hd__inv_2 (1)                                    
sky130_fd_sc_hd__diode_2 (5)                                  |sky130_fd_sc_hd__diode_2 (5)                                  
sky130_fd_sc_hd__decap_6 (1)                                  |sky130_fd_sc_hd__decap_6 (1)                                  
Number of devices: 48                                         |Number of devices: 48                                         
Number of nets: 36                                            |Number of nets: 36                                            
-----------------------------------------------------------------------------------------------------------------------------
Netlists match uniquely.

Subcircuit pins:
Circuit 1: sky130_ak_ip__cmos_vref                            |Circuit 2: sky130_ak_ip__cmos_vref                            
--------------------------------------------------------------|--------------------------------------------------------------
avdd18                                                        |avdd18                                                        
vbg                                                           |vbg                                                           
avss                                                          |avss                                                          
vptat                                                         |vptat                                                         
dvdd                                                          |dvdd                                                          
dvss                                                          |dvss                                                          
vbgsc                                                         |vbgsc                                                         
vbgtg                                                         |vbgtg                                                         
trim0                                                         |trim0                                                         
trim3                                                         |trim3                                                         
trim2                                                         |trim2                                                         
trim1                                                         |trim1                                                         
ena                                                           |ena                                                           
-----------------------------------------------------------------------------------------------------------------------------
Cell pin lists are equivalent.
Device classes sky130_ak_ip__cmos_vref and sky130_ak_ip__cmos_vref are equivalent.

Final result: Circuits match uniquely.
.
